<?xml version="1.0" encoding="UTF-8"?>
<!-- Generated by org.testng.reporters.JUnitReportReporter -->
<testsuite hostname="Mahesh" name="myPack.Manoj" tests="6" failures="0" timestamp="15 Sep 2020 04:28:08 GMT" time="42.669" errors="0">
  <testcase name="addLocation" time="0.000" classname="myPack.Manoj"/>
  <testcase name="editLocation" time="0.001" classname="myPack.Manoj"/>
  <testcase name="VerifyLogin" time="15.140" classname="myPack.Manoj"/>
  <testcase name="DeleteEmp" time="0.001" classname="myPack.Manoj"/>
  <testcase name="AddEmp" time="27.525" classname="myPack.Manoj"/>
  <testcase name="EditEmp" time="0.002" classname="myPack.Manoj"/>
</testsuite> <!-- myPack.Manoj -->
